<?xml version="1.0" encoding="UTF-8"?>
<testsuite xmlns:xsi="http://www.w3.org/2001/XMLSchema-instance" xsi:noNamespaceSchemaLocation="https://maven.apache.org/surefire/maven-surefire-plugin/xsd/surefire-test-report-3.0.xsd" version="3.0" name="ejemplo.ParseadorTest" time="0.129" tests="4" errors="0" skipped="0" failures="0">
  <properties>
[...]
</properties>
  <testcase name="obtenerParte3Positivo" classname="ejemplo.ParseadorTest" time="0.01"/>
  <testcase name="obtenerOperadorSuma" classname="ejemplo.ParseadorTest" time="0.0"/>
  <testcase name="obtenerParte1Unidades" classname="ejemplo.ParseadorTest" time="0.0"/>
  <testcase name="obtenerParte2Suma" classname="ejemplo.ParseadorTest" time="0.0"/>
</testsuite>